<?xml version="1.0" encoding="UTF-8"?>
<testng-results skipped="0" failed="0" total="1" passed="1">
  <reporter-output>
  </reporter-output>
  <suite name="Default suite" duration-ms="37281" started-at="2020-04-15T19:52:16Z" finished-at="2020-04-15T19:52:53Z">
    <groups>
    </groups>
    <test name="Default test" duration-ms="37281" started-at="2020-04-15T19:52:16Z" finished-at="2020-04-15T19:52:53Z">
      <class name="seleniumassignment.OlayGerman">
        <test-method status="PASS" signature="main()[pri:0, instance:seleniumassignment.OlayGerman@735b478]" name="main" duration-ms="37253" started-at="2020-04-16T01:22:16Z" finished-at="2020-04-16T01:22:53Z">
          <reporter-output>
          </reporter-output>
        </test-method> <!-- main -->
      </class> <!-- seleniumassignment.OlayGerman -->
    </test> <!-- Default test -->
  </suite> <!-- Default suite -->
</testng-results>
